2023-07-02 09:58:23,565 INFO c.m.Application [main] Starting Application on huangchengdeMacBook-Pro.local with PID 782 (/Users/huangcheng/Documents/github/foodie/api/target/classes started by huangcheng in /Users/huangcheng/Documents/github/foodie) 
2023-07-02 09:58:23,583 INFO c.m.Application [main] No active profile set, falling back to default profiles: default 
2023-07-02 09:58:24,302 WARN o.m.s.m.ClassPathMapperScanner [main] No MyBatis mapper was found in '[com.mingzhi]' package. Please check your configuration. 
2023-07-02 09:58:24,687 INFO o.s.b.w.e.t.TomcatWebServer [main] Tomcat initialized with port(s): 8088 (http) 
2023-07-02 09:58:24,694 INFO o.a.c.h.Http11NioProtocol [main] Initializing ProtocolHandler ["http-nio-8088"] 
2023-07-02 09:58:24,694 INFO o.a.c.c.StandardService [main] Starting service [Tomcat] 
2023-07-02 09:58:24,695 INFO o.a.c.c.StandardEngine [main] Starting Servlet engine: [Apache Tomcat/9.0.39] 
2023-07-02 09:58:24,744 INFO o.a.c.c.C.[.[.[/] [main] Initializing Spring embedded WebApplicationContext 
2023-07-02 09:58:24,745 INFO o.s.b.w.s.c.ServletWebServerApplicationContext [main] Root WebApplicationContext: initialization completed in 1068 ms 
2023-07-02 09:58:25,707 INFO o.s.s.c.ThreadPoolTaskExecutor [main] Initializing ExecutorService 'applicationTaskExecutor' 
2023-07-02 09:58:25,802 INFO t.m.m.a.MapperCacheDisabler [main] Clear tk.mybatis.mapper.util.MsUtil CLASS_CACHE cache. 
2023-07-02 09:58:25,802 INFO t.m.m.a.MapperCacheDisabler [main] Clear tk.mybatis.mapper.genid.GenIdUtil CACHE cache. 
2023-07-02 09:58:25,803 INFO t.m.m.a.MapperCacheDisabler [main] Clear tk.mybatis.mapper.version.VersionUtil CACHE cache. 
2023-07-02 09:58:25,803 INFO t.m.m.a.MapperCacheDisabler [main] Clear EntityHelper entityTableMap cache. 
2023-07-02 09:58:25,879 INFO o.a.c.h.Http11NioProtocol [main] Starting ProtocolHandler ["http-nio-8088"] 
2023-07-02 09:58:25,899 INFO o.s.b.w.e.t.TomcatWebServer [main] Tomcat started on port(s): 8088 (http) with context path '' 
2023-07-02 09:58:25,904 INFO s.d.s.w.p.DocumentationPluginsBootstrapper [main] Context refreshed 
2023-07-02 09:58:25,917 INFO s.d.s.w.p.DocumentationPluginsBootstrapper [main] Found 1 custom documentation plugin(s) 
2023-07-02 09:58:25,924 INFO s.d.s.w.s.ApiListingReferenceScanner [main] Scanning for api listing references 
2023-07-02 09:58:25,999 INFO s.d.s.w.r.o.CachingOperationNameGenerator [main] Generating unique operation named: setSessionUsingGET_1 
2023-07-02 09:58:26,033 INFO c.m.Application [main] Started Application in 2.858 seconds (JVM running for 3.62) 
2023-07-02 09:58:31,313 INFO o.a.c.c.C.[.[.[/] [http-nio-8088-exec-1] Initializing Spring DispatcherServlet 'dispatcherServlet' 
2023-07-02 09:58:31,314 INFO o.s.w.s.DispatcherServlet [http-nio-8088-exec-1] Initializing Servlet 'dispatcherServlet' 
2023-07-02 09:58:31,320 INFO o.s.w.s.DispatcherServlet [http-nio-8088-exec-1] Completed initialization in 6 ms 
2023-07-02 09:58:31,347 INFO c.m.a.ServiceLogAspect [http-nio-8088-exec-1] START=== class com.mingzhi.service.impl.StuServiceImpl.getStuInfo=== 
2023-07-02 09:58:31,372 INFO c.z.h.HikariDataSource [http-nio-8088-exec-1] DateSourceHikariCP - Starting... 
2023-07-02 09:58:31,522 INFO c.z.h.HikariDataSource [http-nio-8088-exec-1] DateSourceHikariCP - Start completed. 
2023-07-02 09:58:31,566 INFO c.m.a.ServiceLogAspect [http-nio-8088-exec-1] End === useTime:219ms === 
2023-07-02 09:58:33,585 INFO c.m.a.ServiceLogAspect [http-nio-8088-exec-3] START=== class com.mingzhi.service.impl.CarouselServiceImpl.queryAll=== 
2023-07-02 09:58:33,695 INFO c.m.a.ServiceLogAspect [http-nio-8088-exec-3] End === useTime:110ms === 
2023-07-02 10:01:23,394 INFO c.m.a.ServiceLogAspect [http-nio-8088-exec-9] START=== class com.mingzhi.service.impl.CarouselServiceImpl.queryAll=== 
2023-07-02 10:01:23,404 INFO c.m.a.ServiceLogAspect [http-nio-8088-exec-9] End === useTime:9ms === 
2023-07-02 10:11:32,327 INFO c.m.a.ServiceLogAspect [http-nio-8088-exec-3] START=== class com.mingzhi.service.impl.CarouselServiceImpl.queryAll=== 
2023-07-02 10:11:32,336 INFO c.m.a.ServiceLogAspect [http-nio-8088-exec-3] End === useTime:7ms === 
2023-07-02 10:15:27,687 INFO c.m.a.ServiceLogAspect [http-nio-8088-exec-6] START=== class com.mingzhi.service.impl.CarouselServiceImpl.queryAll=== 
2023-07-02 10:15:27,695 INFO c.m.a.ServiceLogAspect [http-nio-8088-exec-6] End === useTime:7ms === 
2023-07-02 10:15:36,181 INFO c.m.a.ServiceLogAspect [http-nio-8088-exec-8] START=== class com.mingzhi.service.impl.CarouselServiceImpl.queryAll=== 
2023-07-02 10:15:36,199 INFO c.m.a.ServiceLogAspect [http-nio-8088-exec-8] End === useTime:15ms === 
2023-07-02 10:15:54,494 INFO c.m.a.ServiceLogAspect [http-nio-8088-exec-1] START=== class com.mingzhi.service.impl.CarouselServiceImpl.queryAll=== 
2023-07-02 10:15:54,499 INFO c.m.a.ServiceLogAspect [http-nio-8088-exec-1] End === useTime:5ms === 
2023-07-02 10:16:04,892 INFO c.m.a.ServiceLogAspect [http-nio-8088-exec-3] START=== class com.mingzhi.service.impl.CarouselServiceImpl.queryAll=== 
2023-07-02 10:16:04,896 INFO c.m.a.ServiceLogAspect [http-nio-8088-exec-3] End === useTime:3ms === 
2023-07-02 10:16:16,273 INFO c.m.a.ServiceLogAspect [http-nio-8088-exec-5] START=== class com.mingzhi.service.impl.CarouselServiceImpl.queryAll=== 
2023-07-02 10:16:16,278 INFO c.m.a.ServiceLogAspect [http-nio-8088-exec-5] End === useTime:4ms === 
2023-07-02 10:16:28,669 INFO c.m.a.ServiceLogAspect [http-nio-8088-exec-6] START=== class com.mingzhi.service.impl.CarouselServiceImpl.queryAll=== 
2023-07-02 10:16:28,677 INFO c.m.a.ServiceLogAspect [http-nio-8088-exec-6] End === useTime:8ms === 
2023-07-02 10:16:49,231 INFO c.m.a.ServiceLogAspect [http-nio-8088-exec-10] START=== class com.mingzhi.service.impl.CarouselServiceImpl.queryAll=== 
2023-07-02 10:16:49,236 INFO c.m.a.ServiceLogAspect [http-nio-8088-exec-10] End === useTime:4ms === 
2023-07-02 10:17:42,474 INFO c.m.a.ServiceLogAspect [http-nio-8088-exec-1] START=== class com.mingzhi.service.impl.CarouselServiceImpl.queryAll=== 
2023-07-02 10:17:42,478 INFO c.m.a.ServiceLogAspect [http-nio-8088-exec-1] End === useTime:3ms === 
2023-07-02 10:18:49,318 INFO c.m.a.ServiceLogAspect [http-nio-8088-exec-5] START=== class com.mingzhi.service.impl.CarouselServiceImpl.queryAll=== 
2023-07-02 10:18:49,326 INFO c.m.a.ServiceLogAspect [http-nio-8088-exec-5] End === useTime:7ms === 
2023-07-02 10:19:25,962 INFO c.m.a.ServiceLogAspect [http-nio-8088-exec-6] START=== class com.mingzhi.service.impl.CarouselServiceImpl.queryAll=== 
2023-07-02 10:19:25,976 INFO c.m.a.ServiceLogAspect [http-nio-8088-exec-6] End === useTime:14ms === 
2023-07-02 10:21:08,752 INFO c.m.a.ServiceLogAspect [http-nio-8088-exec-3] START=== class com.mingzhi.service.impl.CarouselServiceImpl.queryAll=== 
2023-07-02 10:21:08,757 INFO c.m.a.ServiceLogAspect [http-nio-8088-exec-3] End === useTime:4ms === 
2023-07-02 10:21:18,319 INFO c.m.a.ServiceLogAspect [http-nio-8088-exec-9] START=== class com.mingzhi.service.impl.CarouselServiceImpl.queryAll=== 
2023-07-02 10:21:18,341 INFO c.m.a.ServiceLogAspect [http-nio-8088-exec-9] End === useTime:21ms === 
2023-07-02 11:26:57,594 INFO c.m.a.ServiceLogAspect [http-nio-8088-exec-2] START=== class com.mingzhi.service.impl.CarouselServiceImpl.queryAll=== 
2023-07-02 11:26:57,603 INFO c.m.a.ServiceLogAspect [http-nio-8088-exec-2] End === useTime:7ms === 
2023-07-02 11:27:08,572 INFO c.m.a.ServiceLogAspect [http-nio-8088-exec-10] START=== class com.mingzhi.service.impl.CarouselServiceImpl.queryAll=== 
2023-07-02 11:27:08,577 INFO c.m.a.ServiceLogAspect [http-nio-8088-exec-10] End === useTime:5ms === 
2023-07-02 11:30:11,695 INFO c.m.a.ServiceLogAspect [http-nio-8088-exec-5] START=== class com.mingzhi.service.impl.CarouselServiceImpl.queryAll=== 
2023-07-02 11:30:11,700 INFO c.m.a.ServiceLogAspect [http-nio-8088-exec-5] End === useTime:4ms === 
2023-07-02 11:30:39,036 INFO o.s.s.c.ThreadPoolTaskExecutor [SpringContextShutdownHook] Shutting down ExecutorService 'applicationTaskExecutor' 
2023-07-02 11:30:39,038 INFO c.z.h.HikariDataSource [SpringContextShutdownHook] DateSourceHikariCP - Shutdown initiated... 
2023-07-02 11:30:39,040 INFO c.z.h.HikariDataSource [SpringContextShutdownHook] DateSourceHikariCP - Shutdown completed. 
2023-07-02 11:30:44,929 INFO c.m.Application [main] Starting Application on huangchengdeMacBook-Pro.local with PID 6432 (/Users/huangcheng/Documents/github/foodie/api/target/classes started by huangcheng in /Users/huangcheng/Documents/github/foodie) 
2023-07-02 11:30:44,988 INFO c.m.Application [main] No active profile set, falling back to default profiles: default 
2023-07-02 11:30:45,649 WARN o.m.s.m.ClassPathMapperScanner [main] No MyBatis mapper was found in '[com.mingzhi]' package. Please check your configuration. 
2023-07-02 11:30:46,057 INFO o.s.b.w.e.t.TomcatWebServer [main] Tomcat initialized with port(s): 8088 (http) 
2023-07-02 11:30:46,064 INFO o.a.c.h.Http11NioProtocol [main] Initializing ProtocolHandler ["http-nio-8088"] 
2023-07-02 11:30:46,065 INFO o.a.c.c.StandardService [main] Starting service [Tomcat] 
2023-07-02 11:30:46,065 INFO o.a.c.c.StandardEngine [main] Starting Servlet engine: [Apache Tomcat/9.0.39] 
2023-07-02 11:30:46,123 INFO o.a.c.c.C.[.[.[/] [main] Initializing Spring embedded WebApplicationContext 
2023-07-02 11:30:46,123 INFO o.s.b.w.s.c.ServletWebServerApplicationContext [main] Root WebApplicationContext: initialization completed in 1098 ms 
2023-07-02 11:30:47,075 INFO o.s.s.c.ThreadPoolTaskExecutor [main] Initializing ExecutorService 'applicationTaskExecutor' 
2023-07-02 11:30:47,184 INFO t.m.m.a.MapperCacheDisabler [main] Clear tk.mybatis.mapper.util.MsUtil CLASS_CACHE cache. 
2023-07-02 11:30:47,188 INFO t.m.m.a.MapperCacheDisabler [main] Clear tk.mybatis.mapper.genid.GenIdUtil CACHE cache. 
2023-07-02 11:30:47,188 INFO t.m.m.a.MapperCacheDisabler [main] Clear tk.mybatis.mapper.version.VersionUtil CACHE cache. 
2023-07-02 11:30:47,189 INFO t.m.m.a.MapperCacheDisabler [main] Clear EntityHelper entityTableMap cache. 
2023-07-02 11:30:47,274 INFO o.a.c.h.Http11NioProtocol [main] Starting ProtocolHandler ["http-nio-8088"] 
2023-07-02 11:30:47,295 INFO o.s.b.w.e.t.TomcatWebServer [main] Tomcat started on port(s): 8088 (http) with context path '' 
2023-07-02 11:30:47,301 INFO s.d.s.w.p.DocumentationPluginsBootstrapper [main] Context refreshed 
2023-07-02 11:30:47,314 INFO s.d.s.w.p.DocumentationPluginsBootstrapper [main] Found 1 custom documentation plugin(s) 
2023-07-02 11:30:47,322 INFO s.d.s.w.s.ApiListingReferenceScanner [main] Scanning for api listing references 
2023-07-02 11:30:47,412 INFO s.d.s.w.r.o.CachingOperationNameGenerator [main] Generating unique operation named: setSessionUsingGET_1 
2023-07-02 11:30:47,443 INFO c.m.Application [main] Started Application in 2.916 seconds (JVM running for 3.719) 
2023-07-02 11:31:51,406 INFO o.a.c.c.C.[.[.[/] [http-nio-8088-exec-1] Initializing Spring DispatcherServlet 'dispatcherServlet' 
2023-07-02 11:31:51,407 INFO o.s.w.s.DispatcherServlet [http-nio-8088-exec-1] Initializing Servlet 'dispatcherServlet' 
2023-07-02 11:31:51,412 INFO o.s.w.s.DispatcherServlet [http-nio-8088-exec-1] Completed initialization in 5 ms 
2023-07-02 11:31:51,479 INFO c.m.a.ServiceLogAspect [http-nio-8088-exec-2] START=== class com.mingzhi.service.impl.UserServiceImpl.queryUserForLogin=== 
2023-07-02 11:31:51,526 INFO c.z.h.HikariDataSource [http-nio-8088-exec-2] DateSourceHikariCP - Starting... 
2023-07-02 11:31:51,661 INFO c.z.h.HikariDataSource [http-nio-8088-exec-2] DateSourceHikariCP - Start completed. 
2023-07-02 11:31:51,714 INFO c.m.a.ServiceLogAspect [http-nio-8088-exec-2] End === useTime:234ms === 
2023-07-02 11:31:51,730 INFO c.m.u.CookieUtils [http-nio-8088-exec-2] ========== domainName: localhost ========== 
2023-07-02 11:31:52,314 INFO c.m.a.ServiceLogAspect [http-nio-8088-exec-3] START=== class com.mingzhi.service.impl.CarouselServiceImpl.queryAll=== 
2023-07-02 11:31:52,326 INFO c.m.a.ServiceLogAspect [http-nio-8088-exec-3] End === useTime:11ms === 
2023-07-02 11:33:11,286 INFO c.m.a.ServiceLogAspect [http-nio-8088-exec-8] START=== class com.mingzhi.service.impl.CarouselServiceImpl.queryAll=== 
2023-07-02 11:33:11,309 INFO c.m.a.ServiceLogAspect [http-nio-8088-exec-8] End === useTime:22ms === 
2023-07-02 11:37:46,132 INFO c.m.a.ServiceLogAspect [http-nio-8088-exec-2] START=== class com.mingzhi.service.impl.CarouselServiceImpl.queryAll=== 
2023-07-02 11:37:46,140 INFO c.m.a.ServiceLogAspect [http-nio-8088-exec-2] End === useTime:7ms === 
2023-07-02 11:47:51,726 INFO c.m.a.ServiceLogAspect [http-nio-8088-exec-6] START=== class com.mingzhi.service.impl.CarouselServiceImpl.queryAll=== 
2023-07-02 11:47:51,763 INFO c.m.a.ServiceLogAspect [http-nio-8088-exec-6] End === useTime:34ms === 
2023-07-02 11:54:09,719 WARN c.z.h.p.HikariPool [DateSourceHikariCP housekeeper] DateSourceHikariCP - Thread starvation or clock leap detected (housekeeper delta=4m10s979ms). 
2023-07-02 12:10:03,292 WARN c.z.h.p.HikariPool [DateSourceHikariCP housekeeper] DateSourceHikariCP - Thread starvation or clock leap detected (housekeeper delta=15m53s574ms). 
2023-07-02 12:25:56,823 WARN c.z.h.p.HikariPool [DateSourceHikariCP housekeeper] DateSourceHikariCP - Thread starvation or clock leap detected (housekeeper delta=15m53s530ms). 
2023-07-02 12:41:50,376 WARN c.z.h.p.HikariPool [DateSourceHikariCP housekeeper] DateSourceHikariCP - Thread starvation or clock leap detected (housekeeper delta=15m53s554ms). 
2023-07-02 12:57:43,956 WARN c.z.h.p.HikariPool [DateSourceHikariCP housekeeper] DateSourceHikariCP - Thread starvation or clock leap detected (housekeeper delta=15m53s580ms). 
2023-07-02 13:13:37,536 WARN c.z.h.p.HikariPool [DateSourceHikariCP housekeeper] DateSourceHikariCP - Thread starvation or clock leap detected (housekeeper delta=15m53s580ms). 
2023-07-02 13:30:01,067 WARN c.z.h.p.HikariPool [DateSourceHikariCP housekeeper] DateSourceHikariCP - Thread starvation or clock leap detected (housekeeper delta=15m53s525ms). 
2023-07-02 13:45:54,527 WARN c.z.h.p.HikariPool [DateSourceHikariCP housekeeper] DateSourceHikariCP - Thread starvation or clock leap detected (housekeeper delta=15m53s460ms). 
2023-07-02 13:49:54,684 WARN c.z.h.p.HikariPool [DateSourceHikariCP housekeeper] DateSourceHikariCP - Thread starvation or clock leap detected (housekeeper delta=4m157ms). 
2023-07-02 14:05:48,233 WARN c.z.h.p.HikariPool [DateSourceHikariCP housekeeper] DateSourceHikariCP - Thread starvation or clock leap detected (housekeeper delta=15m53s549ms). 
2023-07-02 14:21:41,764 WARN c.z.h.p.HikariPool [DateSourceHikariCP housekeeper] DateSourceHikariCP - Thread starvation or clock leap detected (housekeeper delta=15m53s531ms). 
2023-07-02 14:37:35,300 WARN c.z.h.p.HikariPool [DateSourceHikariCP housekeeper] DateSourceHikariCP - Thread starvation or clock leap detected (housekeeper delta=15m53s535ms). 
2023-07-02 14:50:53,393 WARN c.z.h.p.HikariPool [DateSourceHikariCP housekeeper] DateSourceHikariCP - Thread starvation or clock leap detected (housekeeper delta=13m18s93ms). 
2023-07-02 15:06:46,870 WARN c.z.h.p.HikariPool [DateSourceHikariCP housekeeper] DateSourceHikariCP - Thread starvation or clock leap detected (housekeeper delta=15m53s478ms). 
2023-07-02 15:22:40,377 WARN c.z.h.p.HikariPool [DateSourceHikariCP housekeeper] DateSourceHikariCP - Thread starvation or clock leap detected (housekeeper delta=15m53s507ms). 
2023-07-02 15:38:33,929 WARN c.z.h.p.HikariPool [DateSourceHikariCP housekeeper] DateSourceHikariCP - Thread starvation or clock leap detected (housekeeper delta=15m53s552ms). 
2023-07-02 15:51:53,623 WARN c.z.h.p.HikariPool [DateSourceHikariCP housekeeper] DateSourceHikariCP - Thread starvation or clock leap detected (housekeeper delta=13m19s694ms). 
2023-07-02 16:40:55,169 WARN c.z.h.p.HikariPool [DateSourceHikariCP housekeeper] DateSourceHikariCP - Thread starvation or clock leap detected (housekeeper delta=49m1s546ms). 
2023-07-02 16:48:01,899 INFO o.s.s.c.ThreadPoolTaskExecutor [SpringContextShutdownHook] Shutting down ExecutorService 'applicationTaskExecutor' 
2023-07-02 16:48:01,901 INFO c.z.h.HikariDataSource [SpringContextShutdownHook] DateSourceHikariCP - Shutdown initiated... 
2023-07-02 16:48:01,904 INFO c.z.h.HikariDataSource [SpringContextShutdownHook] DateSourceHikariCP - Shutdown completed. 
2023-07-02 16:48:09,132 INFO c.m.Application [main] Starting Application on huangchengdeMacBook-Pro.local with PID 10147 (/Users/huangcheng/Documents/github/foodie/api/target/classes started by huangcheng in /Users/huangcheng/Documents/github/foodie) 
2023-07-02 16:48:09,141 INFO c.m.Application [main] No active profile set, falling back to default profiles: default 
2023-07-02 16:48:10,014 WARN o.m.s.m.ClassPathMapperScanner [main] No MyBatis mapper was found in '[com.mingzhi]' package. Please check your configuration. 
2023-07-02 16:48:10,442 INFO o.s.b.w.e.t.TomcatWebServer [main] Tomcat initialized with port(s): 8088 (http) 
2023-07-02 16:48:10,448 INFO o.a.c.h.Http11NioProtocol [main] Initializing ProtocolHandler ["http-nio-8088"] 
2023-07-02 16:48:10,448 INFO o.a.c.c.StandardService [main] Starting service [Tomcat] 
2023-07-02 16:48:10,449 INFO o.a.c.c.StandardEngine [main] Starting Servlet engine: [Apache Tomcat/9.0.39] 
2023-07-02 16:48:10,507 INFO o.a.c.c.C.[.[.[/] [main] Initializing Spring embedded WebApplicationContext 
2023-07-02 16:48:10,508 INFO o.s.b.w.s.c.ServletWebServerApplicationContext [main] Root WebApplicationContext: initialization completed in 1301 ms 
2023-07-02 16:48:11,545 INFO o.s.s.c.ThreadPoolTaskExecutor [main] Initializing ExecutorService 'applicationTaskExecutor' 
2023-07-02 16:48:11,635 INFO t.m.m.a.MapperCacheDisabler [main] Clear tk.mybatis.mapper.util.MsUtil CLASS_CACHE cache. 
2023-07-02 16:48:11,636 INFO t.m.m.a.MapperCacheDisabler [main] Clear tk.mybatis.mapper.genid.GenIdUtil CACHE cache. 
2023-07-02 16:48:11,637 INFO t.m.m.a.MapperCacheDisabler [main] Clear tk.mybatis.mapper.version.VersionUtil CACHE cache. 
2023-07-02 16:48:11,637 INFO t.m.m.a.MapperCacheDisabler [main] Clear EntityHelper entityTableMap cache. 
2023-07-02 16:48:11,708 INFO o.a.c.h.Http11NioProtocol [main] Starting ProtocolHandler ["http-nio-8088"] 
2023-07-02 16:48:11,727 INFO o.s.b.w.e.t.TomcatWebServer [main] Tomcat started on port(s): 8088 (http) with context path '' 
2023-07-02 16:48:11,733 INFO s.d.s.w.p.DocumentationPluginsBootstrapper [main] Context refreshed 
2023-07-02 16:48:11,743 INFO s.d.s.w.p.DocumentationPluginsBootstrapper [main] Found 1 custom documentation plugin(s) 
2023-07-02 16:48:11,750 INFO s.d.s.w.s.ApiListingReferenceScanner [main] Scanning for api listing references 
2023-07-02 16:48:11,832 INFO s.d.s.w.r.o.CachingOperationNameGenerator [main] Generating unique operation named: setSessionUsingGET_1 
2023-07-02 16:48:11,860 INFO c.m.Application [main] Started Application in 3.087 seconds (JVM running for 3.85) 
2023-07-02 16:48:30,280 INFO o.a.c.c.C.[.[.[/] [http-nio-8088-exec-2] Initializing Spring DispatcherServlet 'dispatcherServlet' 
2023-07-02 16:48:30,281 INFO o.s.w.s.DispatcherServlet [http-nio-8088-exec-2] Initializing Servlet 'dispatcherServlet' 
2023-07-02 16:48:30,290 INFO o.s.w.s.DispatcherServlet [http-nio-8088-exec-2] Completed initialization in 9 ms 
2023-07-02 16:48:30,317 INFO c.m.a.ServiceLogAspect [http-nio-8088-exec-2] START=== class com.mingzhi.service.impl.CarouselServiceImpl.queryAll=== 
2023-07-02 16:48:30,369 INFO c.z.h.HikariDataSource [http-nio-8088-exec-2] DateSourceHikariCP - Starting... 
2023-07-02 16:48:30,493 INFO c.z.h.HikariDataSource [http-nio-8088-exec-2] DateSourceHikariCP - Start completed. 
2023-07-02 16:48:30,536 INFO c.m.a.ServiceLogAspect [http-nio-8088-exec-2] End === useTime:218ms === 
2023-07-02 16:55:23,486 INFO c.m.a.ServiceLogAspect [http-nio-8088-exec-5] START=== class com.mingzhi.service.impl.CarouselServiceImpl.queryAll=== 
2023-07-02 16:55:23,505 INFO c.m.a.ServiceLogAspect [http-nio-8088-exec-5] End === useTime:16ms === 
2023-07-02 16:55:31,114 INFO c.m.a.ServiceLogAspect [http-nio-8088-exec-7] START=== class com.mingzhi.service.impl.CarouselServiceImpl.queryAll=== 
2023-07-02 16:55:31,121 INFO c.m.a.ServiceLogAspect [http-nio-8088-exec-7] End === useTime:6ms === 
2023-07-02 16:57:56,376 INFO c.m.a.ServiceLogAspect [http-nio-8088-exec-1] START=== class com.mingzhi.service.impl.CarouselServiceImpl.queryAll=== 
2023-07-02 16:57:56,396 INFO c.m.a.ServiceLogAspect [http-nio-8088-exec-1] End === useTime:19ms === 
2023-07-02 17:02:13,413 INFO c.m.a.ServiceLogAspect [http-nio-8088-exec-6] START=== class com.mingzhi.service.impl.CarouselServiceImpl.queryAll=== 
2023-07-02 17:02:13,419 INFO c.m.a.ServiceLogAspect [http-nio-8088-exec-6] End === useTime:5ms === 
2023-07-02 17:02:25,943 INFO c.m.a.ServiceLogAspect [http-nio-8088-exec-8] START=== class com.mingzhi.service.impl.CarouselServiceImpl.queryAll=== 
2023-07-02 17:02:25,947 INFO c.m.a.ServiceLogAspect [http-nio-8088-exec-8] End === useTime:4ms === 
2023-07-02 17:02:37,444 INFO c.m.u.CookieUtils [http-nio-8088-exec-10] ========== domainName: localhost ========== 
2023-07-02 17:02:37,965 INFO c.m.a.ServiceLogAspect [http-nio-8088-exec-2] START=== class com.mingzhi.service.impl.CarouselServiceImpl.queryAll=== 
2023-07-02 17:02:37,988 INFO c.m.a.ServiceLogAspect [http-nio-8088-exec-2] End === useTime:23ms === 
2023-07-02 17:02:54,195 INFO c.m.a.ServiceLogAspect [http-nio-8088-exec-3] START=== class com.mingzhi.service.impl.UserServiceImpl.queryUserForLogin=== 
2023-07-02 17:02:54,208 INFO c.m.a.ServiceLogAspect [http-nio-8088-exec-3] End === useTime:13ms === 
2023-07-02 17:02:54,215 INFO c.m.u.CookieUtils [http-nio-8088-exec-3] ========== domainName: localhost ========== 
2023-07-02 17:02:54,735 INFO c.m.a.ServiceLogAspect [http-nio-8088-exec-5] START=== class com.mingzhi.service.impl.CarouselServiceImpl.queryAll=== 
2023-07-02 17:02:54,740 INFO c.m.a.ServiceLogAspect [http-nio-8088-exec-5] End === useTime:5ms === 
2023-07-02 17:06:11,056 INFO c.m.a.ServiceLogAspect [http-nio-8088-exec-10] START=== class com.mingzhi.service.impl.StuServiceImpl.getStuInfo=== 
2023-07-02 17:06:11,062 INFO c.m.a.ServiceLogAspect [http-nio-8088-exec-10] End === useTime:6ms === 
2023-07-02 17:12:15,543 INFO c.m.a.ServiceLogAspect [http-nio-8088-exec-4] START=== class com.mingzhi.service.impl.CarouselServiceImpl.queryAll=== 
2023-07-02 17:12:15,544 INFO c.m.a.ServiceLogAspect [http-nio-8088-exec-3] START=== class com.mingzhi.service.impl.CategorylServiceImpl.queryLevelCategory=== 
2023-07-02 17:12:15,547 INFO c.m.a.ServiceLogAspect [http-nio-8088-exec-4] End === useTime:3ms === 
2023-07-02 17:12:15,555 INFO c.m.a.ServiceLogAspect [http-nio-8088-exec-3] End === useTime:11ms === 
2023-07-02 18:02:08,209 INFO o.s.s.c.ThreadPoolTaskExecutor [SpringContextShutdownHook] Shutting down ExecutorService 'applicationTaskExecutor' 
2023-07-02 18:02:08,212 INFO c.z.h.HikariDataSource [SpringContextShutdownHook] DateSourceHikariCP - Shutdown initiated... 
2023-07-02 18:02:08,214 INFO c.z.h.HikariDataSource [SpringContextShutdownHook] DateSourceHikariCP - Shutdown completed. 
2023-07-02 21:47:54,191 INFO c.m.Application [main] Starting Application on huangchengdeMacBook-Pro.local with PID 18982 (/Users/huangcheng/Documents/github/foodie/api/target/classes started by huangcheng in /Users/huangcheng/Documents/github/foodie) 
2023-07-02 21:47:54,201 INFO c.m.Application [main] No active profile set, falling back to default profiles: default 
2023-07-02 21:47:54,888 WARN o.m.s.m.ClassPathMapperScanner [main] No MyBatis mapper was found in '[com.mingzhi]' package. Please check your configuration. 
2023-07-02 21:47:55,291 INFO o.s.b.w.e.t.TomcatWebServer [main] Tomcat initialized with port(s): 8088 (http) 
2023-07-02 21:47:55,299 INFO o.a.c.h.Http11NioProtocol [main] Initializing ProtocolHandler ["http-nio-8088"] 
2023-07-02 21:47:55,299 INFO o.a.c.c.StandardService [main] Starting service [Tomcat] 
2023-07-02 21:47:55,300 INFO o.a.c.c.StandardEngine [main] Starting Servlet engine: [Apache Tomcat/9.0.39] 
2023-07-02 21:47:55,355 INFO o.a.c.c.C.[.[.[/] [main] Initializing Spring embedded WebApplicationContext 
2023-07-02 21:47:55,356 INFO o.s.b.w.s.c.ServletWebServerApplicationContext [main] Root WebApplicationContext: initialization completed in 1092 ms 
2023-07-02 21:47:55,733 WARN o.s.b.w.s.c.AnnotationConfigServletWebServerApplicationContext [main] Exception encountered during context initialization - cancelling refresh attempt: org.springframework.beans.factory.UnsatisfiedDependencyException: Error creating bean with name 'indexController': Unsatisfied dependency expressed through field 'carouselService'; nested exception is org.springframework.beans.factory.UnsatisfiedDependencyException: Error creating bean with name 'carouselServiceImpl': Unsatisfied dependency expressed through field 'carouselMapper'; nested exception is org.springframework.beans.factory.BeanCreationException: Error creating bean with name 'carouselMapper' defined in file [/Users/huangcheng/Documents/github/foodie/mapper/target/classes/com/mingzhi/mapper/CarouselMapper.class]: Invocation of init method failed; nested exception is org.apache.ibatis.builder.IncompleteElementException: Could not find result map 'com.mingzhi.mapper.CategoryMapperCustom.' referenced from 'com.mingzhi.mapper.CategoryMapperCustom.getSubCategoryList' 
2023-07-02 21:47:55,735 INFO o.a.c.c.StandardService [main] Stopping service [Tomcat] 
2023-07-02 21:47:55,743 INFO o.s.b.a.l.ConditionEvaluationReportLoggingListener [main] 

Error starting ApplicationContext. To display the conditions report re-run your application with 'debug' enabled. 
2023-07-02 21:47:55,751 ERROR o.s.b.SpringApplication [main] Application run failed org.springframework.beans.factory.UnsatisfiedDependencyException: Error creating bean with name 'indexController': Unsatisfied dependency expressed through field 'carouselService'; nested exception is org.springframework.beans.factory.UnsatisfiedDependencyException: Error creating bean with name 'carouselServiceImpl': Unsatisfied dependency expressed through field 'carouselMapper'; nested exception is org.springframework.beans.factory.BeanCreationException: Error creating bean with name 'carouselMapper' defined in file [/Users/huangcheng/Documents/github/foodie/mapper/target/classes/com/mingzhi/mapper/CarouselMapper.class]: Invocation of init method failed; nested exception is org.apache.ibatis.builder.IncompleteElementException: Could not find result map 'com.mingzhi.mapper.CategoryMapperCustom.' referenced from 'com.mingzhi.mapper.CategoryMapperCustom.getSubCategoryList'
	at org.springframework.beans.factory.annotation.AutowiredAnnotationBeanPostProcessor$AutowiredFieldElement.inject(AutowiredAnnotationBeanPostProcessor.java:643)
	at org.springframework.beans.factory.annotation.InjectionMetadata.inject(InjectionMetadata.java:130)
	at org.springframework.beans.factory.annotation.AutowiredAnnotationBeanPostProcessor.postProcessProperties(AutowiredAnnotationBeanPostProcessor.java:399)
	at org.springframework.beans.factory.support.AbstractAutowireCapableBeanFactory.populateBean(AbstractAutowireCapableBeanFactory.java:1420)
	at org.springframework.beans.factory.support.AbstractAutowireCapableBeanFactory.doCreateBean(AbstractAutowireCapableBeanFactory.java:593)
	at org.springframework.beans.factory.support.AbstractAutowireCapableBeanFactory.createBean(AbstractAutowireCapableBeanFactory.java:516)
	at org.springframework.beans.factory.support.AbstractBeanFactory.lambda$doGetBean$0(AbstractBeanFactory.java:324)
	at org.springframework.beans.factory.support.DefaultSingletonBeanRegistry.getSingleton(DefaultSingletonBeanRegistry.java:234)
	at org.springframework.beans.factory.support.AbstractBeanFactory.doGetBean(AbstractBeanFactory.java:322)
	at org.springframework.beans.factory.support.AbstractBeanFactory.getBean(AbstractBeanFactory.java:202)
	at org.springframework.beans.factory.support.DefaultListableBeanFactory.preInstantiateSingletons(DefaultListableBeanFactory.java:897)
	at org.springframework.context.support.AbstractApplicationContext.finishBeanFactoryInitialization(AbstractApplicationContext.java:879)
	at org.springframework.context.support.AbstractApplicationContext.refresh(AbstractApplicationContext.java:551)
	at org.springframework.boot.web.servlet.context.ServletWebServerApplicationContext.refresh(ServletWebServerApplicationContext.java:143)
	at org.springframework.boot.SpringApplication.refresh(SpringApplication.java:758)
	at org.springframework.boot.SpringApplication.refresh(SpringApplication.java:750)
	at org.springframework.boot.SpringApplication.refreshContext(SpringApplication.java:405)
	at org.springframework.boot.SpringApplication.run(SpringApplication.java:315)
	at org.springframework.boot.SpringApplication.run(SpringApplication.java:1237)
	at org.springframework.boot.SpringApplication.run(SpringApplication.java:1226)
	at com.mingzhi.Application.main(Application.java:16)
Caused by: org.springframework.beans.factory.UnsatisfiedDependencyException: Error creating bean with name 'carouselServiceImpl': Unsatisfied dependency expressed through field 'carouselMapper'; nested exception is org.springframework.beans.factory.BeanCreationException: Error creating bean with name 'carouselMapper' defined in file [/Users/huangcheng/Documents/github/foodie/mapper/target/classes/com/mingzhi/mapper/CarouselMapper.class]: Invocation of init method failed; nested exception is org.apache.ibatis.builder.IncompleteElementException: Could not find result map 'com.mingzhi.mapper.CategoryMapperCustom.' referenced from 'com.mingzhi.mapper.CategoryMapperCustom.getSubCategoryList'
	at org.springframework.beans.factory.annotation.AutowiredAnnotationBeanPostProcessor$AutowiredFieldElement.inject(AutowiredAnnotationBeanPostProcessor.java:643)
	at org.springframework.beans.factory.annotation.InjectionMetadata.inject(InjectionMetadata.java:130)
	at org.springframework.beans.factory.annotation.AutowiredAnnotationBeanPostProcessor.postProcessProperties(AutowiredAnnotationBeanPostProcessor.java:399)
	at org.springframework.beans.factory.support.AbstractAutowireCapableBeanFactory.populateBean(AbstractAutowireCapableBeanFactory.java:1420)
	at org.springframework.beans.factory.support.AbstractAutowireCapableBeanFactory.doCreateBean(AbstractAutowireCapableBeanFactory.java:593)
	at org.springframework.beans.factory.support.AbstractAutowireCapableBeanFactory.createBean(AbstractAutowireCapableBeanFactory.java:516)
	at org.springframework.beans.factory.support.AbstractBeanFactory.lambda$doGetBean$0(AbstractBeanFactory.java:324)
	at org.springframework.beans.factory.support.DefaultSingletonBeanRegistry.getSingleton(DefaultSingletonBeanRegistry.java:234)
	at org.springframework.beans.factory.support.AbstractBeanFactory.doGetBean(AbstractBeanFactory.java:322)
	at org.springframework.beans.factory.support.AbstractBeanFactory.getBean(AbstractBeanFactory.java:202)
	at org.springframework.beans.factory.config.DependencyDescriptor.resolveCandidate(DependencyDescriptor.java:276)
	at org.springframework.beans.factory.support.DefaultListableBeanFactory.doResolveDependency(DefaultListableBeanFactory.java:1307)
	at org.springframework.beans.factory.support.DefaultListableBeanFactory.resolveDependency(DefaultListableBeanFactory.java:1227)
	at org.springframework.beans.factory.annotation.AutowiredAnnotationBeanPostProcessor$AutowiredFieldElement.inject(AutowiredAnnotationBeanPostProcessor.java:640)
	... 20 more
Caused by: org.springframework.beans.factory.BeanCreationException: Error creating bean with name 'carouselMapper' defined in file [/Users/huangcheng/Documents/github/foodie/mapper/target/classes/com/mingzhi/mapper/CarouselMapper.class]: Invocation of init method failed; nested exception is org.apache.ibatis.builder.IncompleteElementException: Could not find result map 'com.mingzhi.mapper.CategoryMapperCustom.' referenced from 'com.mingzhi.mapper.CategoryMapperCustom.getSubCategoryList'
	at org.springframework.beans.factory.support.AbstractAutowireCapableBeanFactory.initializeBean(AbstractAutowireCapableBeanFactory.java:1794)
	at org.springframework.beans.factory.support.AbstractAutowireCapableBeanFactory.doCreateBean(AbstractAutowireCapableBeanFactory.java:594)
	at org.springframework.beans.factory.support.AbstractAutowireCapableBeanFactory.createBean(AbstractAutowireCapableBeanFactory.java:516)
	at org.springframework.beans.factory.support.AbstractBeanFactory.lambda$doGetBean$0(AbstractBeanFactory.java:324)
	at org.springframework.beans.factory.support.DefaultSingletonBeanRegistry.getSingleton(DefaultSingletonBeanRegistry.java:234)
	at org.springframework.beans.factory.support.AbstractBeanFactory.doGetBean(AbstractBeanFactory.java:322)
	at org.springframework.beans.factory.support.AbstractBeanFactory.getBean(AbstractBeanFactory.java:202)
	at org.springframework.beans.factory.config.DependencyDescriptor.resolveCandidate(DependencyDescriptor.java:276)
	at org.springframework.beans.factory.support.DefaultListableBeanFactory.doResolveDependency(DefaultListableBeanFactory.java:1307)
	at org.springframework.beans.factory.support.DefaultListableBeanFactory.resolveDependency(DefaultListableBeanFactory.java:1227)
	at org.springframework.beans.factory.annotation.AutowiredAnnotationBeanPostProcessor$AutowiredFieldElement.inject(AutowiredAnnotationBeanPostProcessor.java:640)
	... 33 more
Caused by: org.apache.ibatis.builder.IncompleteElementException: Could not find result map 'com.mingzhi.mapper.CategoryMapperCustom.' referenced from 'com.mingzhi.mapper.CategoryMapperCustom.getSubCategoryList'
	at org.apache.ibatis.builder.MapperBuilderAssistant.getStatementResultMaps(MapperBuilderAssistant.java:341)
	at org.apache.ibatis.builder.MapperBuilderAssistant.addMappedStatement(MapperBuilderAssistant.java:285)
	at org.apache.ibatis.builder.xml.XMLStatementBuilder.parseStatementNode(XMLStatementBuilder.java:113)
	at org.apache.ibatis.session.Configuration.lambda$buildAllStatements$2(Configuration.java:816)
	at java.util.Collection.removeIf(Collection.java:414)
	at org.apache.ibatis.session.Configuration.buildAllStatements(Configuration.java:815)
	at org.apache.ibatis.session.Configuration.getMappedStatements(Configuration.java:711)
	at tk.mybatis.mapper.mapperhelper.MapperHelper.processConfiguration(MapperHelper.java:279)
	at tk.mybatis.spring.mapper.MapperFactoryBean.checkDaoConfig(MapperFactoryBean.java:93)
	at org.springframework.dao.support.DaoSupport.afterPropertiesSet(DaoSupport.java:44)
	at org.springframework.beans.factory.support.AbstractAutowireCapableBeanFactory.invokeInitMethods(AbstractAutowireCapableBeanFactory.java:1853)
	at org.springframework.beans.factory.support.AbstractAutowireCapableBeanFactory.initializeBean(AbstractAutowireCapableBeanFactory.java:1790)
	... 43 more
Caused by: java.lang.IllegalArgumentException: Result Maps collection does not contain value for com.mingzhi.mapper.CategoryMapperCustom.
	at org.apache.ibatis.session.Configuration$StrictMap.get(Configuration.java:964)
	at org.apache.ibatis.session.Configuration.getResultMap(Configuration.java:674)
	at org.apache.ibatis.builder.MapperBuilderAssistant.getStatementResultMaps(MapperBuilderAssistant.java:339)
	... 54 more

2023-07-03 00:01:55,009 INFO c.m.Application [main] Starting Application on huangchengdeMacBook-Pro.local with PID 28351 (/Users/huangcheng/Documents/github/foodie/api/target/classes started by huangcheng in /Users/huangcheng/Documents/github/foodie) 
2023-07-03 00:01:55,018 INFO c.m.Application [main] No active profile set, falling back to default profiles: default 
2023-07-03 00:01:55,680 WARN o.m.s.m.ClassPathMapperScanner [main] No MyBatis mapper was found in '[com.mingzhi]' package. Please check your configuration. 
2023-07-03 00:01:56,068 INFO o.s.b.w.e.t.TomcatWebServer [main] Tomcat initialized with port(s): 8088 (http) 
2023-07-03 00:01:56,075 INFO o.a.c.h.Http11NioProtocol [main] Initializing ProtocolHandler ["http-nio-8088"] 
2023-07-03 00:01:56,076 INFO o.a.c.c.StandardService [main] Starting service [Tomcat] 
2023-07-03 00:01:56,076 INFO o.a.c.c.StandardEngine [main] Starting Servlet engine: [Apache Tomcat/9.0.39] 
2023-07-03 00:01:56,132 INFO o.a.c.c.C.[.[.[/] [main] Initializing Spring embedded WebApplicationContext 
2023-07-03 00:01:56,133 INFO o.s.b.w.s.c.ServletWebServerApplicationContext [main] Root WebApplicationContext: initialization completed in 1056 ms 
2023-07-03 00:01:57,118 INFO o.s.s.c.ThreadPoolTaskExecutor [main] Initializing ExecutorService 'applicationTaskExecutor' 
2023-07-03 00:01:57,214 INFO t.m.m.a.MapperCacheDisabler [main] Clear tk.mybatis.mapper.util.MsUtil CLASS_CACHE cache. 
2023-07-03 00:01:57,215 INFO t.m.m.a.MapperCacheDisabler [main] Clear tk.mybatis.mapper.genid.GenIdUtil CACHE cache. 
2023-07-03 00:01:57,215 INFO t.m.m.a.MapperCacheDisabler [main] Clear tk.mybatis.mapper.version.VersionUtil CACHE cache. 
2023-07-03 00:01:57,216 INFO t.m.m.a.MapperCacheDisabler [main] Clear EntityHelper entityTableMap cache. 
2023-07-03 00:01:57,292 INFO o.a.c.h.Http11NioProtocol [main] Starting ProtocolHandler ["http-nio-8088"] 
2023-07-03 00:01:57,312 INFO o.s.b.w.e.t.TomcatWebServer [main] Tomcat started on port(s): 8088 (http) with context path '' 
2023-07-03 00:01:57,317 INFO s.d.s.w.p.DocumentationPluginsBootstrapper [main] Context refreshed 
2023-07-03 00:01:57,328 INFO s.d.s.w.p.DocumentationPluginsBootstrapper [main] Found 1 custom documentation plugin(s) 
2023-07-03 00:01:57,335 INFO s.d.s.w.s.ApiListingReferenceScanner [main] Scanning for api listing references 
2023-07-03 00:01:57,426 INFO s.d.s.w.r.o.CachingOperationNameGenerator [main] Generating unique operation named: setSessionUsingGET_1 
2023-07-03 00:01:57,455 INFO c.m.Application [main] Started Application in 2.723 seconds (JVM running for 3.399) 
2023-07-03 00:16:46,628 INFO o.a.c.c.C.[.[.[/] [http-nio-8088-exec-1] Initializing Spring DispatcherServlet 'dispatcherServlet' 
2023-07-03 00:16:46,629 INFO o.s.w.s.DispatcherServlet [http-nio-8088-exec-1] Initializing Servlet 'dispatcherServlet' 
2023-07-03 00:16:46,637 INFO o.s.w.s.DispatcherServlet [http-nio-8088-exec-1] Completed initialization in 8 ms 
2023-07-03 00:17:54,899 INFO c.m.a.ServiceLogAspect [http-nio-8088-exec-8] START=== class com.mingzhi.service.impl.CategorylServiceImpl.getSubCategoryList=== 
2023-07-03 00:17:54,911 INFO c.z.h.HikariDataSource [http-nio-8088-exec-8] DateSourceHikariCP - Starting... 
2023-07-03 00:17:55,074 INFO c.z.h.HikariDataSource [http-nio-8088-exec-8] DateSourceHikariCP - Start completed. 
2023-07-03 00:17:55,115 INFO c.m.a.ServiceLogAspect [http-nio-8088-exec-8] End === useTime:216ms === 
2023-07-03 00:22:54,800 INFO c.m.a.ServiceLogAspect [http-nio-8088-exec-3] START=== class com.mingzhi.service.impl.CategorylServiceImpl.queryLevelCategory=== 
2023-07-03 00:22:54,802 INFO c.m.a.ServiceLogAspect [http-nio-8088-exec-7] START=== class com.mingzhi.service.impl.CarouselServiceImpl.queryAll=== 
2023-07-03 00:22:54,855 INFO c.m.a.ServiceLogAspect [http-nio-8088-exec-3] End === useTime:52ms === 
2023-07-03 00:22:54,856 INFO c.m.a.ServiceLogAspect [http-nio-8088-exec-7] End === useTime:53ms === 
2023-07-03 00:24:10,204 INFO o.s.s.c.ThreadPoolTaskExecutor [SpringContextShutdownHook] Shutting down ExecutorService 'applicationTaskExecutor' 
2023-07-03 00:24:10,206 INFO c.z.h.HikariDataSource [SpringContextShutdownHook] DateSourceHikariCP - Shutdown initiated... 
2023-07-03 00:24:10,215 INFO c.z.h.HikariDataSource [SpringContextShutdownHook] DateSourceHikariCP - Shutdown completed. 
2023-07-03 00:24:15,953 INFO c.m.Application [main] Starting Application on huangchengdeMacBook-Pro.local with PID 29947 (/Users/huangcheng/Documents/github/foodie/api/target/classes started by huangcheng in /Users/huangcheng/Documents/github/foodie) 
2023-07-03 00:24:15,961 INFO c.m.Application [main] No active profile set, falling back to default profiles: default 
2023-07-03 00:24:16,578 WARN o.m.s.m.ClassPathMapperScanner [main] No MyBatis mapper was found in '[com.mingzhi]' package. Please check your configuration. 
2023-07-03 00:24:16,960 INFO o.s.b.w.e.t.TomcatWebServer [main] Tomcat initialized with port(s): 8088 (http) 
2023-07-03 00:24:16,967 INFO o.a.c.h.Http11NioProtocol [main] Initializing ProtocolHandler ["http-nio-8088"] 
2023-07-03 00:24:16,968 INFO o.a.c.c.StandardService [main] Starting service [Tomcat] 
2023-07-03 00:24:16,968 INFO o.a.c.c.StandardEngine [main] Starting Servlet engine: [Apache Tomcat/9.0.39] 
2023-07-03 00:24:17,024 INFO o.a.c.c.C.[.[.[/] [main] Initializing Spring embedded WebApplicationContext 
2023-07-03 00:24:17,025 INFO o.s.b.w.s.c.ServletWebServerApplicationContext [main] Root WebApplicationContext: initialization completed in 1011 ms 
2023-07-03 00:24:18,007 INFO o.s.s.c.ThreadPoolTaskExecutor [main] Initializing ExecutorService 'applicationTaskExecutor' 
2023-07-03 00:24:18,124 INFO t.m.m.a.MapperCacheDisabler [main] Clear tk.mybatis.mapper.util.MsUtil CLASS_CACHE cache. 
2023-07-03 00:24:18,124 INFO t.m.m.a.MapperCacheDisabler [main] Clear tk.mybatis.mapper.genid.GenIdUtil CACHE cache. 
2023-07-03 00:24:18,125 INFO t.m.m.a.MapperCacheDisabler [main] Clear tk.mybatis.mapper.version.VersionUtil CACHE cache. 
2023-07-03 00:24:18,125 INFO t.m.m.a.MapperCacheDisabler [main] Clear EntityHelper entityTableMap cache. 
2023-07-03 00:24:18,219 INFO o.a.c.h.Http11NioProtocol [main] Starting ProtocolHandler ["http-nio-8088"] 
2023-07-03 00:24:18,240 INFO o.s.b.w.e.t.TomcatWebServer [main] Tomcat started on port(s): 8088 (http) with context path '' 
2023-07-03 00:24:18,247 INFO s.d.s.w.p.DocumentationPluginsBootstrapper [main] Context refreshed 
2023-07-03 00:24:18,259 INFO s.d.s.w.p.DocumentationPluginsBootstrapper [main] Found 1 custom documentation plugin(s) 
2023-07-03 00:24:18,267 INFO s.d.s.w.s.ApiListingReferenceScanner [main] Scanning for api listing references 
2023-07-03 00:24:18,354 INFO s.d.s.w.r.o.CachingOperationNameGenerator [main] Generating unique operation named: setSessionUsingGET_1 
2023-07-03 00:24:18,392 INFO c.m.Application [main] Started Application in 2.693 seconds (JVM running for 3.46) 
2023-07-03 00:24:22,268 INFO o.a.c.c.C.[.[.[/] [http-nio-8088-exec-1] Initializing Spring DispatcherServlet 'dispatcherServlet' 
2023-07-03 00:24:22,268 INFO o.s.w.s.DispatcherServlet [http-nio-8088-exec-1] Initializing Servlet 'dispatcherServlet' 
2023-07-03 00:24:22,275 INFO o.s.w.s.DispatcherServlet [http-nio-8088-exec-1] Completed initialization in 7 ms 
2023-07-03 00:24:22,309 INFO c.m.a.ServiceLogAspect [http-nio-8088-exec-1] START=== class com.mingzhi.service.impl.CarouselServiceImpl.queryAll=== 
2023-07-03 00:24:22,349 INFO c.z.h.HikariDataSource [http-nio-8088-exec-1] DateSourceHikariCP - Starting... 
2023-07-03 00:24:22,482 INFO c.z.h.HikariDataSource [http-nio-8088-exec-1] DateSourceHikariCP - Start completed. 
2023-07-03 00:24:22,523 INFO c.m.a.ServiceLogAspect [http-nio-8088-exec-1] End === useTime:213ms === 
2023-07-03 00:24:25,897 INFO c.m.a.ServiceLogAspect [http-nio-8088-exec-3] START=== class com.mingzhi.service.impl.CarouselServiceImpl.queryAll=== 
2023-07-03 00:24:25,952 INFO c.m.a.ServiceLogAspect [http-nio-8088-exec-3] End === useTime:54ms === 
2023-07-03 00:24:36,955 INFO o.s.s.c.ThreadPoolTaskExecutor [SpringContextShutdownHook] Shutting down ExecutorService 'applicationTaskExecutor' 
2023-07-03 00:24:36,957 INFO c.z.h.HikariDataSource [SpringContextShutdownHook] DateSourceHikariCP - Shutdown initiated... 
2023-07-03 00:24:36,963 INFO c.z.h.HikariDataSource [SpringContextShutdownHook] DateSourceHikariCP - Shutdown completed. 
2023-07-03 00:24:42,621 INFO c.m.Application [main] Starting Application on huangchengdeMacBook-Pro.local with PID 29997 (/Users/huangcheng/Documents/github/foodie/api/target/classes started by huangcheng in /Users/huangcheng/Documents/github/foodie) 
2023-07-03 00:24:42,628 INFO c.m.Application [main] No active profile set, falling back to default profiles: default 
2023-07-03 00:24:43,274 WARN o.m.s.m.ClassPathMapperScanner [main] No MyBatis mapper was found in '[com.mingzhi]' package. Please check your configuration. 
2023-07-03 00:24:43,632 INFO o.s.b.w.e.t.TomcatWebServer [main] Tomcat initialized with port(s): 8088 (http) 
2023-07-03 00:24:43,638 INFO o.a.c.h.Http11NioProtocol [main] Initializing ProtocolHandler ["http-nio-8088"] 
2023-07-03 00:24:43,639 INFO o.a.c.c.StandardService [main] Starting service [Tomcat] 
2023-07-03 00:24:43,639 INFO o.a.c.c.StandardEngine [main] Starting Servlet engine: [Apache Tomcat/9.0.39] 
2023-07-03 00:24:43,689 INFO o.a.c.c.C.[.[.[/] [main] Initializing Spring embedded WebApplicationContext 
2023-07-03 00:24:43,689 INFO o.s.b.w.s.c.ServletWebServerApplicationContext [main] Root WebApplicationContext: initialization completed in 1001 ms 
2023-07-03 00:24:44,690 INFO o.s.s.c.ThreadPoolTaskExecutor [main] Initializing ExecutorService 'applicationTaskExecutor' 
2023-07-03 00:24:44,781 INFO t.m.m.a.MapperCacheDisabler [main] Clear tk.mybatis.mapper.util.MsUtil CLASS_CACHE cache. 
2023-07-03 00:24:44,782 INFO t.m.m.a.MapperCacheDisabler [main] Clear tk.mybatis.mapper.genid.GenIdUtil CACHE cache. 
2023-07-03 00:24:44,782 INFO t.m.m.a.MapperCacheDisabler [main] Clear tk.mybatis.mapper.version.VersionUtil CACHE cache. 
2023-07-03 00:24:44,782 INFO t.m.m.a.MapperCacheDisabler [main] Clear EntityHelper entityTableMap cache. 
2023-07-03 00:24:44,857 INFO o.a.c.h.Http11NioProtocol [main] Starting ProtocolHandler ["http-nio-8088"] 
2023-07-03 00:24:44,877 INFO o.s.b.w.e.t.TomcatWebServer [main] Tomcat started on port(s): 8088 (http) with context path '' 
2023-07-03 00:24:44,883 INFO s.d.s.w.p.DocumentationPluginsBootstrapper [main] Context refreshed 
2023-07-03 00:24:44,893 INFO s.d.s.w.p.DocumentationPluginsBootstrapper [main] Found 1 custom documentation plugin(s) 
2023-07-03 00:24:44,900 INFO s.d.s.w.s.ApiListingReferenceScanner [main] Scanning for api listing references 
2023-07-03 00:24:44,993 INFO s.d.s.w.r.o.CachingOperationNameGenerator [main] Generating unique operation named: setSessionUsingGET_1 
2023-07-03 00:24:45,037 INFO c.m.Application [main] Started Application in 2.702 seconds (JVM running for 3.411) 
2023-07-03 00:34:07,812 INFO o.a.c.c.C.[.[.[/] [http-nio-8088-exec-2] Initializing Spring DispatcherServlet 'dispatcherServlet' 
2023-07-03 00:34:07,812 INFO o.s.w.s.DispatcherServlet [http-nio-8088-exec-2] Initializing Servlet 'dispatcherServlet' 
2023-07-03 00:34:07,818 INFO o.s.w.s.DispatcherServlet [http-nio-8088-exec-2] Completed initialization in 6 ms 
2023-07-03 00:34:07,846 INFO c.m.a.ServiceLogAspect [http-nio-8088-exec-2] START=== class com.mingzhi.service.impl.CategorylServiceImpl.queryLevelCategory=== 
2023-07-03 00:34:07,846 INFO c.m.a.ServiceLogAspect [http-nio-8088-exec-1] START=== class com.mingzhi.service.impl.CarouselServiceImpl.queryAll=== 
2023-07-03 00:34:07,882 INFO c.z.h.HikariDataSource [http-nio-8088-exec-2] DateSourceHikariCP - Starting... 
2023-07-03 00:34:08,017 INFO c.z.h.HikariDataSource [http-nio-8088-exec-2] DateSourceHikariCP - Start completed. 
2023-07-03 00:34:08,059 INFO c.m.a.ServiceLogAspect [http-nio-8088-exec-1] End === useTime:213ms === 
2023-07-03 00:34:08,059 INFO c.m.a.ServiceLogAspect [http-nio-8088-exec-2] End === useTime:213ms === 
2023-07-03 00:38:28,740 INFO c.m.a.ServiceLogAspect [http-nio-8088-exec-6] START=== class com.mingzhi.service.impl.CarouselServiceImpl.queryAll=== 
2023-07-03 00:38:28,740 INFO c.m.a.ServiceLogAspect [http-nio-8088-exec-7] START=== class com.mingzhi.service.impl.CategorylServiceImpl.queryLevelCategory=== 
2023-07-03 00:38:28,747 INFO c.m.a.ServiceLogAspect [http-nio-8088-exec-6] End === useTime:6ms === 
2023-07-03 00:38:28,748 INFO c.m.a.ServiceLogAspect [http-nio-8088-exec-7] End === useTime:7ms === 
2023-07-03 00:38:38,035 INFO c.m.a.ServiceLogAspect [http-nio-8088-exec-9] START=== class com.mingzhi.service.impl.CarouselServiceImpl.queryAll=== 
2023-07-03 00:38:38,036 INFO c.m.a.ServiceLogAspect [http-nio-8088-exec-10] START=== class com.mingzhi.service.impl.CategorylServiceImpl.queryLevelCategory=== 
2023-07-03 00:38:38,043 INFO c.m.a.ServiceLogAspect [http-nio-8088-exec-9] End === useTime:7ms === 
2023-07-03 00:38:38,044 INFO c.m.a.ServiceLogAspect [http-nio-8088-exec-10] End === useTime:6ms === 
2023-07-03 00:38:47,994 INFO c.m.a.ServiceLogAspect [http-nio-8088-exec-1] START=== class com.mingzhi.service.impl.CarouselServiceImpl.queryAll=== 
2023-07-03 00:38:47,996 INFO c.m.a.ServiceLogAspect [http-nio-8088-exec-3] START=== class com.mingzhi.service.impl.CategorylServiceImpl.queryLevelCategory=== 
2023-07-03 00:38:48,002 INFO c.m.a.ServiceLogAspect [http-nio-8088-exec-3] End === useTime:6ms === 
2023-07-03 00:38:48,003 INFO c.m.a.ServiceLogAspect [http-nio-8088-exec-1] End === useTime:8ms === 
2023-07-03 00:39:14,090 INFO c.m.a.ServiceLogAspect [http-nio-8088-exec-4] START=== class com.mingzhi.service.impl.CarouselServiceImpl.queryAll=== 
2023-07-03 00:39:14,090 INFO c.m.a.ServiceLogAspect [http-nio-8088-exec-6] START=== class com.mingzhi.service.impl.CategorylServiceImpl.queryLevelCategory=== 
2023-07-03 00:39:14,096 INFO c.m.a.ServiceLogAspect [http-nio-8088-exec-6] End === useTime:5ms === 
2023-07-03 00:39:14,097 INFO c.m.a.ServiceLogAspect [http-nio-8088-exec-4] End === useTime:6ms === 
2023-07-03 00:42:36,614 INFO o.s.s.c.ThreadPoolTaskExecutor [SpringContextShutdownHook] Shutting down ExecutorService 'applicationTaskExecutor' 
2023-07-03 00:42:36,616 INFO c.z.h.HikariDataSource [SpringContextShutdownHook] DateSourceHikariCP - Shutdown initiated... 
2023-07-03 00:42:36,622 INFO c.z.h.HikariDataSource [SpringContextShutdownHook] DateSourceHikariCP - Shutdown completed. 
2023-07-03 00:43:40,275 INFO c.m.Application [main] Starting Application on huangchengdeMacBook-Pro.local with PID 31722 (/Users/huangcheng/Documents/github/foodie/api/target/classes started by huangcheng in /Users/huangcheng/Documents/github/foodie) 
2023-07-03 00:43:40,282 INFO c.m.Application [main] No active profile set, falling back to default profiles: default 
2023-07-03 00:43:40,966 WARN o.m.s.m.ClassPathMapperScanner [main] No MyBatis mapper was found in '[com.mingzhi]' package. Please check your configuration. 
2023-07-03 00:43:41,506 INFO o.s.b.w.e.t.TomcatWebServer [main] Tomcat initialized with port(s): 8088 (http) 
2023-07-03 00:43:41,517 INFO o.a.c.h.Http11NioProtocol [main] Initializing ProtocolHandler ["http-nio-8088"] 
2023-07-03 00:43:41,517 INFO o.a.c.c.StandardService [main] Starting service [Tomcat] 
2023-07-03 00:43:41,517 INFO o.a.c.c.StandardEngine [main] Starting Servlet engine: [Apache Tomcat/9.0.39] 
2023-07-03 00:43:41,598 INFO o.a.c.c.C.[.[.[/] [main] Initializing Spring embedded WebApplicationContext 
2023-07-03 00:43:41,599 INFO o.s.b.w.s.c.ServletWebServerApplicationContext [main] Root WebApplicationContext: initialization completed in 1281 ms 
2023-07-03 00:43:58,257 INFO o.s.s.c.ThreadPoolTaskExecutor [main] Initializing ExecutorService 'applicationTaskExecutor' 
2023-07-03 00:43:58,417 INFO t.m.m.a.MapperCacheDisabler [main] Clear tk.mybatis.mapper.util.MsUtil CLASS_CACHE cache. 
2023-07-03 00:43:58,418 INFO t.m.m.a.MapperCacheDisabler [main] Clear tk.mybatis.mapper.genid.GenIdUtil CACHE cache. 
2023-07-03 00:43:58,419 INFO t.m.m.a.MapperCacheDisabler [main] Clear tk.mybatis.mapper.version.VersionUtil CACHE cache. 
2023-07-03 00:43:58,419 INFO t.m.m.a.MapperCacheDisabler [main] Clear EntityHelper entityTableMap cache. 
2023-07-03 00:43:58,518 INFO o.a.c.h.Http11NioProtocol [main] Starting ProtocolHandler ["http-nio-8088"] 
2023-07-03 00:43:58,559 INFO o.s.b.w.e.t.TomcatWebServer [main] Tomcat started on port(s): 8088 (http) with context path '' 
2023-07-03 00:43:58,567 INFO s.d.s.w.p.DocumentationPluginsBootstrapper [main] Context refreshed 
2023-07-03 00:43:58,594 INFO s.d.s.w.p.DocumentationPluginsBootstrapper [main] Found 1 custom documentation plugin(s) 
2023-07-03 00:43:58,610 INFO s.d.s.w.s.ApiListingReferenceScanner [main] Scanning for api listing references 
2023-07-03 00:43:58,791 INFO s.d.s.w.r.o.CachingOperationNameGenerator [main] Generating unique operation named: setSessionUsingGET_1 
2023-07-03 00:43:58,836 INFO c.m.Application [main] Started Application in 18.871 seconds (JVM running for 25.752) 
2023-07-03 00:44:10,284 INFO o.a.c.c.C.[.[.[/] [http-nio-8088-exec-1] Initializing Spring DispatcherServlet 'dispatcherServlet' 
2023-07-03 00:44:10,284 INFO o.s.w.s.DispatcherServlet [http-nio-8088-exec-1] Initializing Servlet 'dispatcherServlet' 
2023-07-03 00:44:10,294 INFO o.s.w.s.DispatcherServlet [http-nio-8088-exec-1] Completed initialization in 9 ms 
2023-07-03 00:44:20,177 INFO c.m.a.ServiceLogAspect [http-nio-8088-exec-2] START=== class com.mingzhi.service.impl.CategorylServiceImpl.queryLevelCategory=== 
2023-07-03 00:44:21,088 INFO c.m.a.ServiceLogAspect [http-nio-8088-exec-1] START=== class com.mingzhi.service.impl.CarouselServiceImpl.queryAll=== 
2023-07-03 00:44:30,478 INFO c.z.h.HikariDataSource [http-nio-8088-exec-2] DateSourceHikariCP - Starting... 
2023-07-03 00:44:30,723 INFO c.z.h.HikariDataSource [http-nio-8088-exec-2] DateSourceHikariCP - Start completed. 
2023-07-03 00:44:30,777 ERROR c.m.a.ServiceLogAspect [http-nio-8088-exec-2] End === useTime:9689ms === 
2023-07-03 00:44:30,778 WARN c.m.a.ServiceLogAspect [http-nio-8088-exec-2] End === useTime:9689ms === 
2023-07-03 00:44:38,661 ERROR c.m.a.ServiceLogAspect [http-nio-8088-exec-1] End === useTime:17573ms === 
2023-07-03 00:44:38,662 WARN c.m.a.ServiceLogAspect [http-nio-8088-exec-1] End === useTime:17573ms === 
2023-07-03 00:44:48,343 INFO c.m.a.ServiceLogAspect [http-nio-8088-exec-4] START=== class com.mingzhi.service.impl.CarouselServiceImpl.queryAll=== 
2023-07-03 00:44:52,066 INFO c.m.a.ServiceLogAspect [http-nio-8088-exec-5] START=== class com.mingzhi.service.impl.CategorylServiceImpl.queryLevelCategory=== 
2023-07-03 00:44:52,072 ERROR c.m.a.ServiceLogAspect [http-nio-8088-exec-4] End === useTime:3728ms === 
2023-07-03 00:44:52,073 WARN c.m.a.ServiceLogAspect [http-nio-8088-exec-4] End === useTime:3728ms === 
2023-07-03 00:44:52,079 INFO c.m.a.ServiceLogAspect [http-nio-8088-exec-5] End === useTime:12ms === 
